INFO:root:[H1 Category] DL Algorithm Generated.
INFO:root:[H2 Category] Computer Vision Generated.
INFO:root:[H1 Category] Review Generated.
INFO:root:[H2 Category] Weekly Generated.
INFO:root:[H1 Category] AI Math Generated.
INFO:root:[H2 Category] Statistics Generated.
INFO:root:[H1 Category] AI Knowledge Generated.
INFO:root:[H2 Category] Loss Function Generated.
INFO:root:[H1 Category] DL Framework Generated.
INFO:root:[H2 Category] PyTorch Generated.
INFO:root:[H2 Category] BoostCamp AI Tech Generated.
INFO:root:[H2 Category] Natural Language Processing Generated.
INFO:root:[H2 Category] Recommendation System Generated.
INFO:root:[H1 Category] Development Generated.
INFO:root:[H2 Category] Ops Generated.
INFO:root:[H2 Category] Git Generated.
INFO:root:[H2 Category] Troubleshooting Generated.
INFO:root:[H2 Category] Hyperparameter Generated.
INFO:root:[H1 Category] Code Generated.
INFO:root:[H2 Category] Review Generated.
INFO:root:[H2 Category] Optimizer Generated.
INFO:root:[H2 Category] Numerical Analysis Generated.
INFO:root:[H2 Category] 선형대수 Generated.
INFO:root:[H1 Category] Data Generated.
INFO:root:[H2 Category] Information Retrieval Generated.
INFO:root:[H1 Category] Project Management Generated.
INFO:root:[H2 Category] Software Engineering Generated.
INFO:root:[H2 Category] Code Generated.
INFO:root:[H2 Category] Weekly Generated.
INFO:root:[H2 Category] Information Theory Generated.
